{"timestamp":"2026-05-07T00:43:16.079310Z","level":"info","event":"DAG bundles loaded: dags-folder","logger":"airflow.dag_processing.bundles.manager.DagBundlesManager","filename":"manager.py","lineno":209}
{"timestamp":"2026-05-07T00:43:16.080050Z","level":"info","event":"Filling up the DagBag from /opt/airflow/dags/elt_pipeline.py","logger":"airflow.dag_processing.dagbag.BundleDagBag","filename":"dagbag.py","lineno":469}
{"timestamp":"2026-05-07T00:43:16.118557Z","level":"info","event":"Tmp dir root location: /tmp","logger":"airflow.task.hooks.airflow.providers.standard.hooks.subprocess.SubprocessHook","filename":"subprocess.py","lineno":78}
{"timestamp":"2026-05-07T00:43:16.118672Z","level":"info","event":"Running command: ['/usr/bin/bash', '-c', 'python bronze_scripts/ingestion_windturbinepower_data.py --jour 1 --mois 7 --annee 2024']","logger":"airflow.task.hooks.airflow.providers.standard.hooks.subprocess.SubprocessHook","filename":"subprocess.py","lineno":80}
{"timestamp":"2026-05-07T00:43:16.119351Z","level":"info","event":"Output:","logger":"airflow.task.hooks.airflow.providers.standard.hooks.subprocess.SubprocessHook","filename":"subprocess.py","lineno":92}
{"timestamp":"2026-05-07T00:43:16.349247Z","level":"info","event":"JAVA_HOME: /usr/lib/jvm/java-17-openjdk-amd64","logger":"airflow.task.hooks.airflow.providers.standard.hooks.subprocess.SubprocessHook","filename":"subprocess.py","lineno":99}
{"timestamp":"2026-05-07T00:43:16.349350Z","level":"info","event":"2026-05-07 00:43:16,349 - INFO - Démarrage ingestion_windturbinepower_data.py","logger":"airflow.task.hooks.airflow.providers.standard.hooks.subprocess.SubprocessHook","filename":"subprocess.py","lineno":99}
{"timestamp":"2026-05-07T00:43:16.536353Z","level":"info","event":"WARNING: Using incubator modules: jdk.incubator.vector","logger":"airflow.task.hooks.airflow.providers.standard.hooks.subprocess.SubprocessHook","filename":"subprocess.py","lineno":99}
{"timestamp":"2026-05-07T00:43:17.357297Z","level":"info","event":":: loading settings :: url = jar:file:/home/airflow/.local/lib/python3.13/site-packages/pyspark/jars/ivy-2.5.3.jar!/org/apache/ivy/core/settings/ivysettings.xml","logger":"airflow.task.hooks.airflow.providers.standard.hooks.subprocess.SubprocessHook","filename":"subprocess.py","lineno":99}
{"timestamp":"2026-05-07T00:43:17.407002Z","level":"info","event":"Ivy Default Cache set to: /home/airflow/.ivy2.5.2/cache","logger":"airflow.task.hooks.airflow.providers.standard.hooks.subprocess.SubprocessHook","filename":"subprocess.py","lineno":99}
{"timestamp":"2026-05-07T00:43:17.407315Z","level":"info","event":"The jars for the packages stored in: /home/airflow/.ivy2.5.2/jars","logger":"airflow.task.hooks.airflow.providers.standard.hooks.subprocess.SubprocessHook","filename":"subprocess.py","lineno":99}
{"timestamp":"2026-05-07T00:43:17.414979Z","level":"info","event":"org.postgresql#postgresql added as a dependency","logger":"airflow.task.hooks.airflow.providers.standard.hooks.subprocess.SubprocessHook","filename":"subprocess.py","lineno":99}
{"timestamp":"2026-05-07T00:43:17.415944Z","level":"info","event":":: resolving dependencies :: org.apache.spark#spark-submit-parent-c59bf633-84d1-45f2-92b8-d43ee5181307;1.0","logger":"airflow.task.hooks.airflow.providers.standard.hooks.subprocess.SubprocessHook","filename":"subprocess.py","lineno":99}
{"timestamp":"2026-05-07T00:43:17.416071Z","level":"info","event":"\tconfs: [default]","logger":"airflow.task.hooks.airflow.providers.standard.hooks.subprocess.SubprocessHook","filename":"subprocess.py","lineno":99}
{"timestamp":"2026-05-07T00:43:17.529055Z","level":"info","event":"\tfound org.postgresql#postgresql;42.6.0 in central","logger":"airflow.task.hooks.airflow.providers.standard.hooks.subprocess.SubprocessHook","filename":"subprocess.py","lineno":99}
{"timestamp":"2026-05-07T00:43:17.555744Z","level":"info","event":"\tfound org.checkerframework#checker-qual;3.31.0 in central","logger":"airflow.task.hooks.airflow.providers.standard.hooks.subprocess.SubprocessHook","filename":"subprocess.py","lineno":99}
{"timestamp":"2026-05-07T00:43:17.574935Z","level":"info","event":":: resolution report :: resolve 153ms :: artifacts dl 6ms","logger":"airflow.task.hooks.airflow.providers.standard.hooks.subprocess.SubprocessHook","filename":"subprocess.py","lineno":99}
{"timestamp":"2026-05-07T00:43:17.575199Z","level":"info","event":"\t:: modules in use:","logger":"airflow.task.hooks.airflow.providers.standard.hooks.subprocess.SubprocessHook","filename":"subprocess.py","lineno":99}
{"timestamp":"2026-05-07T00:43:17.575292Z","level":"info","event":"\torg.checkerframework#checker-qual;3.31.0 from central in [default]","logger":"airflow.task.hooks.airflow.providers.standard.hooks.subprocess.SubprocessHook","filename":"subprocess.py","lineno":99}
{"timestamp":"2026-05-07T00:43:17.575353Z","level":"info","event":"\torg.postgresql#postgresql;42.6.0 from central in [default]","logger":"airflow.task.hooks.airflow.providers.standard.hooks.subprocess.SubprocessHook","filename":"subprocess.py","lineno":99}
{"timestamp":"2026-05-07T00:43:17.575406Z","level":"info","event":"\t---------------------------------------------------------------------","logger":"airflow.task.hooks.airflow.providers.standard.hooks.subprocess.SubprocessHook","filename":"subprocess.py","lineno":99}
{"timestamp":"2026-05-07T00:43:17.575460Z","level":"info","event":"\t|                  |            modules            ||   artifacts   |","logger":"airflow.task.hooks.airflow.providers.standard.hooks.subprocess.SubprocessHook","filename":"subprocess.py","lineno":99}
{"timestamp":"2026-05-07T00:43:17.575511Z","level":"info","event":"\t|       conf       | number| search|dwnlded|evicted|| number|dwnlded|","logger":"airflow.task.hooks.airflow.providers.standard.hooks.subprocess.SubprocessHook","filename":"subprocess.py","lineno":99}
{"timestamp":"2026-05-07T00:43:17.575560Z","level":"info","event":"\t---------------------------------------------------------------------","logger":"airflow.task.hooks.airflow.providers.standard.hooks.subprocess.SubprocessHook","filename":"subprocess.py","lineno":99}
{"timestamp":"2026-05-07T00:43:17.575609Z","level":"info","event":"\t|      default     |   2   |   0   |   0   |   0   ||   2   |   0   |","logger":"airflow.task.hooks.airflow.providers.standard.hooks.subprocess.SubprocessHook","filename":"subprocess.py","lineno":99}
{"timestamp":"2026-05-07T00:43:17.575667Z","level":"info","event":"\t---------------------------------------------------------------------","logger":"airflow.task.hooks.airflow.providers.standard.hooks.subprocess.SubprocessHook","filename":"subprocess.py","lineno":99}
{"timestamp":"2026-05-07T00:43:17.579060Z","level":"info","event":":: retrieving :: org.apache.spark#spark-submit-parent-c59bf633-84d1-45f2-92b8-d43ee5181307","logger":"airflow.task.hooks.airflow.providers.standard.hooks.subprocess.SubprocessHook","filename":"subprocess.py","lineno":99}
{"timestamp":"2026-05-07T00:43:17.579260Z","level":"info","event":"\tconfs: [default]","logger":"airflow.task.hooks.airflow.providers.standard.hooks.subprocess.SubprocessHook","filename":"subprocess.py","lineno":99}
{"timestamp":"2026-05-07T00:43:17.584395Z","level":"info","event":"\t0 artifacts copied, 2 already retrieved (0kB/6ms)","logger":"airflow.task.hooks.airflow.providers.standard.hooks.subprocess.SubprocessHook","filename":"subprocess.py","lineno":99}
{"timestamp":"2026-05-07T00:43:17.768471Z","level":"info","event":"26/05/07 00:43:17 WARN NativeCodeLoader: Unable to load native-hadoop library for your platform... using builtin-java classes where applicable","logger":"airflow.task.hooks.airflow.providers.standard.hooks.subprocess.SubprocessHook","filename":"subprocess.py","lineno":99}
{"timestamp":"2026-05-07T00:43:17.919213Z","level":"info","event":"Using Spark's default log4j profile: org/apache/spark/log4j2-defaults.properties","logger":"airflow.task.hooks.airflow.providers.standard.hooks.subprocess.SubprocessHook","filename":"subprocess.py","lineno":99}
{"timestamp":"2026-05-07T00:43:17.919436Z","level":"info","event":"Setting default log level to \"WARN\".","logger":"airflow.task.hooks.airflow.providers.standard.hooks.subprocess.SubprocessHook","filename":"subprocess.py","lineno":99}
{"timestamp":"2026-05-07T00:43:17.919501Z","level":"info","event":"To adjust logging level use sc.setLogLevel(newLevel). For SparkR, use setLogLevel(newLevel).","logger":"airflow.task.hooks.airflow.providers.standard.hooks.subprocess.SubprocessHook","filename":"subprocess.py","lineno":99}
{"timestamp":"2026-05-07T00:43:21.100075Z","level":"info","event":"2026-05-07 00:43:21,099 - INFO - Création du schéma et de la table bronze.windturbinepower_raw...","logger":"airflow.task.hooks.airflow.providers.standard.hooks.subprocess.SubprocessHook","filename":"subprocess.py","lineno":99}
{"timestamp":"2026-05-07T00:43:21.130087Z","level":"info","event":"2026-05-07 00:43:21,129 - INFO - Schéma et table créés avec succès.","logger":"airflow.task.hooks.airflow.providers.standard.hooks.subprocess.SubprocessHook","filename":"subprocess.py","lineno":99}
{"timestamp":"2026-05-07T00:43:21.130907Z","level":"info","event":"2026-05-07 00:43:21,130 - INFO - Ingestion du fichier : /opt/airflow/project/datasets/20240701_wind_power_data.csv","logger":"airflow.task.hooks.airflow.providers.standard.hooks.subprocess.SubprocessHook","filename":"subprocess.py","lineno":99}
{"timestamp":"2026-05-07T00:43:21.131044Z","level":"info","event":"2026-05-07 00:43:21,130 - INFO - Lecture du CSV : /opt/airflow/project/datasets/20240701_wind_power_data.csv","logger":"airflow.task.hooks.airflow.providers.standard.hooks.subprocess.SubprocessHook","filename":"subprocess.py","lineno":99}
{"timestamp":"2026-05-07T00:43:22.132202Z","level":"info","event":"2026-05-07 00:43:22,131 - INFO - Écriture dans bronze.windturbinepower_raw...","logger":"airflow.task.hooks.airflow.providers.standard.hooks.subprocess.SubprocessHook","filename":"subprocess.py","lineno":99}
{"timestamp":"2026-05-07T00:43:22.928222Z","level":"info","event":"26/05/07 00:43:22 WARN SparkStringUtils: Truncated the string representation of a plan since it was too large. This behavior can be adjusted by setting 'spark.sql.debug.maxToStringFields'.","logger":"airflow.task.hooks.airflow.providers.standard.hooks.subprocess.SubprocessHook","filename":"subprocess.py","lineno":99}
{"timestamp":"2026-05-07T00:43:25.311113Z","level":"info","event":"\r[Stage 0:>                                                          (0 + 1) / 1]\r\r                                                                                \r2026-05-07 00:43:25,310 - INFO - 432 lignes ingérées dans bronze.windturbinepower_raw","logger":"airflow.task.hooks.airflow.providers.standard.hooks.subprocess.SubprocessHook","filename":"subprocess.py","lineno":99}
{"timestamp":"2026-05-07T00:43:25.755614Z","level":"info","event":"2026-05-07 00:43:25,755 - INFO - Session Spark fermée.","logger":"airflow.task.hooks.airflow.providers.standard.hooks.subprocess.SubprocessHook","filename":"subprocess.py","lineno":99}
{"timestamp":"2026-05-07T00:43:25.755901Z","level":"info","event":"2026-05-07 00:43:25,755 - INFO - Closing down clientserver connection","logger":"airflow.task.hooks.airflow.providers.standard.hooks.subprocess.SubprocessHook","filename":"subprocess.py","lineno":99}
{"timestamp":"2026-05-07T00:43:26.301577Z","level":"info","event":"Command exited with return code 0","logger":"airflow.task.hooks.airflow.providers.standard.hooks.subprocess.SubprocessHook","filename":"subprocess.py","lineno":103}
{"timestamp":"2026-05-07T00:43:26.302787Z","level":"info","event":"Pushing xcom","ti":"RuntimeTaskInstance(id=UUID('019dffe3-8a8f-7a4f-98e9-7539438730e4'), task_id='bronze_windturbine', dag_id='elt_wind_turbine_pipeline', run_id='manual__2026-05-07T00:43:15.456992+00:00', try_number=1, dag_version_id=UUID('019dffe2-60b0-7fc1-bfc6-995870af9d9f'), map_index=-1, hostname='9dcae50b5030', context_carrier={'traceparent': '00-4d3436e744d1485bb9a8a241d22801f2-67ba70ed77bfa78d-01'}, task=<Task(BashOperator): bronze_windturbine>, bundle_instance=LocalDagBundle(name=dags-folder), max_tries=0, start_date=datetime.datetime(2026, 5, 7, 0, 43, 16, 51598, tzinfo=datetime.timezone.utc), end_date=None, state=<TaskInstanceState.RUNNING: 'running'>, is_mapped=False, rendered_map_index=None, sentry_integration='')","logger":"task","filename":"task_runner.py","lineno":1724}
