{"timestamp":"2026-05-07T00:27:12.968708Z","level":"info","event":"DAG bundles loaded: dags-folder","logger":"airflow.dag_processing.bundles.manager.DagBundlesManager","filename":"manager.py","lineno":209}
{"timestamp":"2026-05-07T00:27:12.969553Z","level":"info","event":"Filling up the DagBag from /opt/airflow/dags/elt_pipeline.py","logger":"airflow.dag_processing.dagbag.BundleDagBag","filename":"dagbag.py","lineno":469}
{"timestamp":"2026-05-07T00:27:13.003290Z","level":"info","event":"Tmp dir root location: /tmp","logger":"airflow.task.hooks.airflow.providers.standard.hooks.subprocess.SubprocessHook","filename":"subprocess.py","lineno":78}
{"timestamp":"2026-05-07T00:27:13.003382Z","level":"info","event":"Running command: ['/usr/bin/bash', '-c', 'python bronze_scripts/ingestion_api_data.py --jour 29 --mois 6 --annee 2024']","logger":"airflow.task.hooks.airflow.providers.standard.hooks.subprocess.SubprocessHook","filename":"subprocess.py","lineno":80}
{"timestamp":"2026-05-07T00:27:13.004211Z","level":"info","event":"Output:","logger":"airflow.task.hooks.airflow.providers.standard.hooks.subprocess.SubprocessHook","filename":"subprocess.py","lineno":92}
{"timestamp":"2026-05-07T00:27:13.403457Z","level":"info","event":"2026-05-07 00:27:13,403 - INFO - Démarrage ingestion_api_data.py","logger":"airflow.task.hooks.airflow.providers.standard.hooks.subprocess.SubprocessHook","filename":"subprocess.py","lineno":99}
{"timestamp":"2026-05-07T00:27:13.403572Z","level":"info","event":"2026-05-07 00:27:13,403 - INFO - Date cible : 2024-06-29","logger":"airflow.task.hooks.airflow.providers.standard.hooks.subprocess.SubprocessHook","filename":"subprocess.py","lineno":99}
{"timestamp":"2026-05-07T00:27:13.536299Z","level":"info","event":"WARNING: Using incubator modules: jdk.incubator.vector","logger":"airflow.task.hooks.airflow.providers.standard.hooks.subprocess.SubprocessHook","filename":"subprocess.py","lineno":99}
{"timestamp":"2026-05-07T00:27:14.402353Z","level":"info","event":":: loading settings :: url = jar:file:/home/airflow/.local/lib/python3.13/site-packages/pyspark/jars/ivy-2.5.3.jar!/org/apache/ivy/core/settings/ivysettings.xml","logger":"airflow.task.hooks.airflow.providers.standard.hooks.subprocess.SubprocessHook","filename":"subprocess.py","lineno":99}
{"timestamp":"2026-05-07T00:27:14.453060Z","level":"info","event":"Ivy Default Cache set to: /home/airflow/.ivy2.5.2/cache","logger":"airflow.task.hooks.airflow.providers.standard.hooks.subprocess.SubprocessHook","filename":"subprocess.py","lineno":99}
{"timestamp":"2026-05-07T00:27:14.453275Z","level":"info","event":"The jars for the packages stored in: /home/airflow/.ivy2.5.2/jars","logger":"airflow.task.hooks.airflow.providers.standard.hooks.subprocess.SubprocessHook","filename":"subprocess.py","lineno":99}
{"timestamp":"2026-05-07T00:27:14.457198Z","level":"info","event":"org.postgresql#postgresql added as a dependency","logger":"airflow.task.hooks.airflow.providers.standard.hooks.subprocess.SubprocessHook","filename":"subprocess.py","lineno":99}
{"timestamp":"2026-05-07T00:27:14.457726Z","level":"info","event":":: resolving dependencies :: org.apache.spark#spark-submit-parent-8b7a986a-6789-4b64-ac1f-f7973fa72105;1.0","logger":"airflow.task.hooks.airflow.providers.standard.hooks.subprocess.SubprocessHook","filename":"subprocess.py","lineno":99}
{"timestamp":"2026-05-07T00:27:14.457817Z","level":"info","event":"\tconfs: [default]","logger":"airflow.task.hooks.airflow.providers.standard.hooks.subprocess.SubprocessHook","filename":"subprocess.py","lineno":99}
{"timestamp":"2026-05-07T00:27:14.536987Z","level":"info","event":"\tfound org.postgresql#postgresql;42.6.0 in central","logger":"airflow.task.hooks.airflow.providers.standard.hooks.subprocess.SubprocessHook","filename":"subprocess.py","lineno":99}
{"timestamp":"2026-05-07T00:27:14.573004Z","level":"info","event":"\tfound org.checkerframework#checker-qual;3.31.0 in central","logger":"airflow.task.hooks.airflow.providers.standard.hooks.subprocess.SubprocessHook","filename":"subprocess.py","lineno":99}
{"timestamp":"2026-05-07T00:27:14.592362Z","level":"info","event":":: resolution report :: resolve 128ms :: artifacts dl 7ms","logger":"airflow.task.hooks.airflow.providers.standard.hooks.subprocess.SubprocessHook","filename":"subprocess.py","lineno":99}
{"timestamp":"2026-05-07T00:27:14.592493Z","level":"info","event":"\t:: modules in use:","logger":"airflow.task.hooks.airflow.providers.standard.hooks.subprocess.SubprocessHook","filename":"subprocess.py","lineno":99}
{"timestamp":"2026-05-07T00:27:14.592716Z","level":"info","event":"\torg.checkerframework#checker-qual;3.31.0 from central in [default]","logger":"airflow.task.hooks.airflow.providers.standard.hooks.subprocess.SubprocessHook","filename":"subprocess.py","lineno":99}
{"timestamp":"2026-05-07T00:27:14.592773Z","level":"info","event":"\torg.postgresql#postgresql;42.6.0 from central in [default]","logger":"airflow.task.hooks.airflow.providers.standard.hooks.subprocess.SubprocessHook","filename":"subprocess.py","lineno":99}
{"timestamp":"2026-05-07T00:27:14.592828Z","level":"info","event":"\t---------------------------------------------------------------------","logger":"airflow.task.hooks.airflow.providers.standard.hooks.subprocess.SubprocessHook","filename":"subprocess.py","lineno":99}
{"timestamp":"2026-05-07T00:27:14.593102Z","level":"info","event":"\t|                  |            modules            ||   artifacts   |","logger":"airflow.task.hooks.airflow.providers.standard.hooks.subprocess.SubprocessHook","filename":"subprocess.py","lineno":99}
{"timestamp":"2026-05-07T00:27:14.593140Z","level":"info","event":"\t|       conf       | number| search|dwnlded|evicted|| number|dwnlded|","logger":"airflow.task.hooks.airflow.providers.standard.hooks.subprocess.SubprocessHook","filename":"subprocess.py","lineno":99}
{"timestamp":"2026-05-07T00:27:14.593170Z","level":"info","event":"\t---------------------------------------------------------------------","logger":"airflow.task.hooks.airflow.providers.standard.hooks.subprocess.SubprocessHook","filename":"subprocess.py","lineno":99}
{"timestamp":"2026-05-07T00:27:14.593196Z","level":"info","event":"\t|      default     |   2   |   0   |   0   |   0   ||   2   |   0   |","logger":"airflow.task.hooks.airflow.providers.standard.hooks.subprocess.SubprocessHook","filename":"subprocess.py","lineno":99}
{"timestamp":"2026-05-07T00:27:14.593219Z","level":"info","event":"\t---------------------------------------------------------------------","logger":"airflow.task.hooks.airflow.providers.standard.hooks.subprocess.SubprocessHook","filename":"subprocess.py","lineno":99}
{"timestamp":"2026-05-07T00:27:14.596942Z","level":"info","event":":: retrieving :: org.apache.spark#spark-submit-parent-8b7a986a-6789-4b64-ac1f-f7973fa72105","logger":"airflow.task.hooks.airflow.providers.standard.hooks.subprocess.SubprocessHook","filename":"subprocess.py","lineno":99}
{"timestamp":"2026-05-07T00:27:14.597085Z","level":"info","event":"\tconfs: [default]","logger":"airflow.task.hooks.airflow.providers.standard.hooks.subprocess.SubprocessHook","filename":"subprocess.py","lineno":99}
{"timestamp":"2026-05-07T00:27:14.604126Z","level":"info","event":"\t0 artifacts copied, 2 already retrieved (0kB/7ms)","logger":"airflow.task.hooks.airflow.providers.standard.hooks.subprocess.SubprocessHook","filename":"subprocess.py","lineno":99}
{"timestamp":"2026-05-07T00:27:14.825257Z","level":"info","event":"26/05/07 00:27:14 WARN NativeCodeLoader: Unable to load native-hadoop library for your platform... using builtin-java classes where applicable","logger":"airflow.task.hooks.airflow.providers.standard.hooks.subprocess.SubprocessHook","filename":"subprocess.py","lineno":99}
{"timestamp":"2026-05-07T00:27:14.931439Z","level":"info","event":"Using Spark's default log4j profile: org/apache/spark/log4j2-defaults.properties","logger":"airflow.task.hooks.airflow.providers.standard.hooks.subprocess.SubprocessHook","filename":"subprocess.py","lineno":99}
{"timestamp":"2026-05-07T00:27:14.931631Z","level":"info","event":"Setting default log level to \"WARN\".","logger":"airflow.task.hooks.airflow.providers.standard.hooks.subprocess.SubprocessHook","filename":"subprocess.py","lineno":99}
{"timestamp":"2026-05-07T00:27:14.931704Z","level":"info","event":"To adjust logging level use sc.setLogLevel(newLevel). For SparkR, use setLogLevel(newLevel).","logger":"airflow.task.hooks.airflow.providers.standard.hooks.subprocess.SubprocessHook","filename":"subprocess.py","lineno":99}
{"timestamp":"2026-05-07T00:27:15.745672Z","level":"info","event":"26/05/07 00:27:15 WARN Utils: Service 'SparkUI' could not bind on port 4040. Attempting port 4041.","logger":"airflow.task.hooks.airflow.providers.standard.hooks.subprocess.SubprocessHook","filename":"subprocess.py","lineno":99}
{"timestamp":"2026-05-07T00:27:18.131418Z","level":"info","event":"2026-05-07 00:27:18,131 - INFO - Création de la table bronze.weatherforecastapi_raw...","logger":"airflow.task.hooks.airflow.providers.standard.hooks.subprocess.SubprocessHook","filename":"subprocess.py","lineno":99}
{"timestamp":"2026-05-07T00:27:18.152358Z","level":"info","event":"2026-05-07 00:27:18,152 - INFO - Table créée avec succès","logger":"airflow.task.hooks.airflow.providers.standard.hooks.subprocess.SubprocessHook","filename":"subprocess.py","lineno":99}
{"timestamp":"2026-05-07T00:27:18.152515Z","level":"info","event":"2026-05-07 00:27:18,152 - INFO - Ingestion météo pour la date : 2024-06-29","logger":"airflow.task.hooks.airflow.providers.standard.hooks.subprocess.SubprocessHook","filename":"subprocess.py","lineno":99}
{"timestamp":"2026-05-07T00:27:18.152553Z","level":"info","event":"2026-05-07 00:27:18,152 - INFO - Appel API pour (34.0522, -118.2437) le 2024-06-29","logger":"airflow.task.hooks.airflow.providers.standard.hooks.subprocess.SubprocessHook","filename":"subprocess.py","lineno":99}
{"timestamp":"2026-05-07T00:27:18.351058Z","level":"info","event":"2026-05-07 00:27:18,350 - INFO - 144 enregistrements interpolés pour Region A","logger":"airflow.task.hooks.airflow.providers.standard.hooks.subprocess.SubprocessHook","filename":"subprocess.py","lineno":99}
{"timestamp":"2026-05-07T00:27:18.351222Z","level":"info","event":"2026-05-07 00:27:18,350 - INFO - Appel API pour (36.7783, -119.4179) le 2024-06-29","logger":"airflow.task.hooks.airflow.providers.standard.hooks.subprocess.SubprocessHook","filename":"subprocess.py","lineno":99}
{"timestamp":"2026-05-07T00:27:18.527443Z","level":"info","event":"2026-05-07 00:27:18,527 - INFO - 144 enregistrements interpolés pour Region B","logger":"airflow.task.hooks.airflow.providers.standard.hooks.subprocess.SubprocessHook","filename":"subprocess.py","lineno":99}
{"timestamp":"2026-05-07T00:27:18.527586Z","level":"info","event":"2026-05-07 00:27:18,527 - INFO - Appel API pour (40.7128, -74.006) le 2024-06-29","logger":"airflow.task.hooks.airflow.providers.standard.hooks.subprocess.SubprocessHook","filename":"subprocess.py","lineno":99}
{"timestamp":"2026-05-07T00:27:18.700512Z","level":"info","event":"2026-05-07 00:27:18,700 - INFO - 144 enregistrements interpolés pour Region C","logger":"airflow.task.hooks.airflow.providers.standard.hooks.subprocess.SubprocessHook","filename":"subprocess.py","lineno":99}
{"timestamp":"2026-05-07T00:27:19.713666Z","level":"info","event":"2026-05-07 00:27:19,713 - INFO - Écriture de 432 enregistrements dans bronze.weatherforecastapi_raw...","logger":"airflow.task.hooks.airflow.providers.standard.hooks.subprocess.SubprocessHook","filename":"subprocess.py","lineno":99}
{"timestamp":"2026-05-07T00:27:25.243899Z","level":"info","event":"\r[Stage 0:>                                                        (0 + 20) / 20]\r\r                                                                                \r2026-05-07 00:27:25,243 - INFO - 432 enregistrements météo ingérés avec succès","logger":"airflow.task.hooks.airflow.providers.standard.hooks.subprocess.SubprocessHook","filename":"subprocess.py","lineno":99}
{"timestamp":"2026-05-07T00:27:25.244065Z","level":"info","event":"2026-05-07 00:27:25,243 - INFO - Ingestion API terminée avec succès !","logger":"airflow.task.hooks.airflow.providers.standard.hooks.subprocess.SubprocessHook","filename":"subprocess.py","lineno":99}
{"timestamp":"2026-05-07T00:27:26.157550Z","level":"info","event":"2026-05-07 00:27:26,157 - INFO - Session Spark fermée","logger":"airflow.task.hooks.airflow.providers.standard.hooks.subprocess.SubprocessHook","filename":"subprocess.py","lineno":99}
{"timestamp":"2026-05-07T00:27:26.158176Z","level":"info","event":"2026-05-07 00:27:26,157 - INFO - Closing down clientserver connection","logger":"airflow.task.hooks.airflow.providers.standard.hooks.subprocess.SubprocessHook","filename":"subprocess.py","lineno":99}
{"timestamp":"2026-05-07T00:27:26.662513Z","level":"info","event":"Command exited with return code 0","logger":"airflow.task.hooks.airflow.providers.standard.hooks.subprocess.SubprocessHook","filename":"subprocess.py","lineno":103}
{"timestamp":"2026-05-07T00:27:26.662818Z","level":"info","event":"Pushing xcom","ti":"RuntimeTaskInstance(id=UUID('019dffd4-d8bc-756b-b3a3-2724ebaf4980'), task_id='bronze_api', dag_id='elt_wind_turbine_pipeline', run_id='manual__2026-05-07T00:27:12.424211+00:00', try_number=1, dag_version_id=UUID('019dffcd-d24e-7504-a0f6-dd719cde3b0e'), map_index=-1, hostname='9dcae50b5030', context_carrier={'traceparent': '00-5dd16a01884ea2cc66f25439c8d989eb-7c4fd4ce42c40f74-01'}, task=<Task(BashOperator): bronze_api>, bundle_instance=LocalDagBundle(name=dags-folder), max_tries=0, start_date=datetime.datetime(2026, 5, 7, 0, 27, 12, 943623, tzinfo=datetime.timezone.utc), end_date=None, state=<TaskInstanceState.RUNNING: 'running'>, is_mapped=False, rendered_map_index=None, sentry_integration='')","logger":"task","filename":"task_runner.py","lineno":1724}
