{"timestamp":"2026-05-07T00:19:51.106036Z","level":"info","event":"DAG bundles loaded: dags-folder","logger":"airflow.dag_processing.bundles.manager.DagBundlesManager","filename":"manager.py","lineno":209}
{"timestamp":"2026-05-07T00:19:51.107099Z","level":"info","event":"Filling up the DagBag from /opt/airflow/dags/elt_pipeline.py","logger":"airflow.dag_processing.dagbag.BundleDagBag","filename":"dagbag.py","lineno":469}
{"timestamp":"2026-05-07T00:19:51.146419Z","level":"info","event":"Tmp dir root location: /tmp","logger":"airflow.task.hooks.airflow.providers.standard.hooks.subprocess.SubprocessHook","filename":"subprocess.py","lineno":78}
{"timestamp":"2026-05-07T00:19:51.146657Z","level":"info","event":"Running command: ['/usr/bin/bash', '-c', 'python bronze_scripts/ingestion_api_data.py --jour 28 --mois 6 --annee 2024']","logger":"airflow.task.hooks.airflow.providers.standard.hooks.subprocess.SubprocessHook","filename":"subprocess.py","lineno":80}
{"timestamp":"2026-05-07T00:19:51.147930Z","level":"info","event":"Output:","logger":"airflow.task.hooks.airflow.providers.standard.hooks.subprocess.SubprocessHook","filename":"subprocess.py","lineno":92}
{"timestamp":"2026-05-07T00:19:51.620190Z","level":"info","event":"2026-05-07 00:19:51,619 - INFO - Démarrage ingestion_api_data.py","logger":"airflow.task.hooks.airflow.providers.standard.hooks.subprocess.SubprocessHook","filename":"subprocess.py","lineno":99}
{"timestamp":"2026-05-07T00:19:51.620354Z","level":"info","event":"2026-05-07 00:19:51,619 - INFO - Date cible : 2024-06-28","logger":"airflow.task.hooks.airflow.providers.standard.hooks.subprocess.SubprocessHook","filename":"subprocess.py","lineno":99}
{"timestamp":"2026-05-07T00:19:51.773527Z","level":"info","event":"WARNING: Using incubator modules: jdk.incubator.vector","logger":"airflow.task.hooks.airflow.providers.standard.hooks.subprocess.SubprocessHook","filename":"subprocess.py","lineno":99}
{"timestamp":"2026-05-07T00:19:53.115208Z","level":"info","event":":: loading settings :: url = jar:file:/home/airflow/.local/lib/python3.13/site-packages/pyspark/jars/ivy-2.5.3.jar!/org/apache/ivy/core/settings/ivysettings.xml","logger":"airflow.task.hooks.airflow.providers.standard.hooks.subprocess.SubprocessHook","filename":"subprocess.py","lineno":99}
{"timestamp":"2026-05-07T00:19:53.231367Z","level":"info","event":"Ivy Default Cache set to: /home/airflow/.ivy2.5.2/cache","logger":"airflow.task.hooks.airflow.providers.standard.hooks.subprocess.SubprocessHook","filename":"subprocess.py","lineno":99}
{"timestamp":"2026-05-07T00:19:53.231638Z","level":"info","event":"The jars for the packages stored in: /home/airflow/.ivy2.5.2/jars","logger":"airflow.task.hooks.airflow.providers.standard.hooks.subprocess.SubprocessHook","filename":"subprocess.py","lineno":99}
{"timestamp":"2026-05-07T00:19:53.238939Z","level":"info","event":"org.postgresql#postgresql added as a dependency","logger":"airflow.task.hooks.airflow.providers.standard.hooks.subprocess.SubprocessHook","filename":"subprocess.py","lineno":99}
{"timestamp":"2026-05-07T00:19:53.240109Z","level":"info","event":":: resolving dependencies :: org.apache.spark#spark-submit-parent-dba01886-47d7-4669-bf1b-0d1835e110fe;1.0","logger":"airflow.task.hooks.airflow.providers.standard.hooks.subprocess.SubprocessHook","filename":"subprocess.py","lineno":99}
{"timestamp":"2026-05-07T00:19:53.240312Z","level":"info","event":"\tconfs: [default]","logger":"airflow.task.hooks.airflow.providers.standard.hooks.subprocess.SubprocessHook","filename":"subprocess.py","lineno":99}
{"timestamp":"2026-05-07T00:19:53.396248Z","level":"info","event":"\tfound org.postgresql#postgresql;42.6.0 in central","logger":"airflow.task.hooks.airflow.providers.standard.hooks.subprocess.SubprocessHook","filename":"subprocess.py","lineno":99}
{"timestamp":"2026-05-07T00:19:53.434057Z","level":"info","event":"\tfound org.checkerframework#checker-qual;3.31.0 in central","logger":"airflow.task.hooks.airflow.providers.standard.hooks.subprocess.SubprocessHook","filename":"subprocess.py","lineno":99}
{"timestamp":"2026-05-07T00:19:53.456041Z","level":"info","event":":: resolution report :: resolve 209ms :: artifacts dl 7ms","logger":"airflow.task.hooks.airflow.providers.standard.hooks.subprocess.SubprocessHook","filename":"subprocess.py","lineno":99}
{"timestamp":"2026-05-07T00:19:53.456356Z","level":"info","event":"\t:: modules in use:","logger":"airflow.task.hooks.airflow.providers.standard.hooks.subprocess.SubprocessHook","filename":"subprocess.py","lineno":99}
{"timestamp":"2026-05-07T00:19:53.456871Z","level":"info","event":"\torg.checkerframework#checker-qual;3.31.0 from central in [default]","logger":"airflow.task.hooks.airflow.providers.standard.hooks.subprocess.SubprocessHook","filename":"subprocess.py","lineno":99}
{"timestamp":"2026-05-07T00:19:53.457019Z","level":"info","event":"\torg.postgresql#postgresql;42.6.0 from central in [default]","logger":"airflow.task.hooks.airflow.providers.standard.hooks.subprocess.SubprocessHook","filename":"subprocess.py","lineno":99}
{"timestamp":"2026-05-07T00:19:53.457177Z","level":"info","event":"\t---------------------------------------------------------------------","logger":"airflow.task.hooks.airflow.providers.standard.hooks.subprocess.SubprocessHook","filename":"subprocess.py","lineno":99}
{"timestamp":"2026-05-07T00:19:53.457270Z","level":"info","event":"\t|                  |            modules            ||   artifacts   |","logger":"airflow.task.hooks.airflow.providers.standard.hooks.subprocess.SubprocessHook","filename":"subprocess.py","lineno":99}
{"timestamp":"2026-05-07T00:19:53.457333Z","level":"info","event":"\t|       conf       | number| search|dwnlded|evicted|| number|dwnlded|","logger":"airflow.task.hooks.airflow.providers.standard.hooks.subprocess.SubprocessHook","filename":"subprocess.py","lineno":99}
{"timestamp":"2026-05-07T00:19:53.457378Z","level":"info","event":"\t---------------------------------------------------------------------","logger":"airflow.task.hooks.airflow.providers.standard.hooks.subprocess.SubprocessHook","filename":"subprocess.py","lineno":99}
{"timestamp":"2026-05-07T00:19:53.457423Z","level":"info","event":"\t|      default     |   2   |   0   |   0   |   0   ||   2   |   0   |","logger":"airflow.task.hooks.airflow.providers.standard.hooks.subprocess.SubprocessHook","filename":"subprocess.py","lineno":99}
{"timestamp":"2026-05-07T00:19:53.457477Z","level":"info","event":"\t---------------------------------------------------------------------","logger":"airflow.task.hooks.airflow.providers.standard.hooks.subprocess.SubprocessHook","filename":"subprocess.py","lineno":99}
{"timestamp":"2026-05-07T00:19:53.460708Z","level":"info","event":":: retrieving :: org.apache.spark#spark-submit-parent-dba01886-47d7-4669-bf1b-0d1835e110fe","logger":"airflow.task.hooks.airflow.providers.standard.hooks.subprocess.SubprocessHook","filename":"subprocess.py","lineno":99}
{"timestamp":"2026-05-07T00:19:53.460887Z","level":"info","event":"\tconfs: [default]","logger":"airflow.task.hooks.airflow.providers.standard.hooks.subprocess.SubprocessHook","filename":"subprocess.py","lineno":99}
{"timestamp":"2026-05-07T00:19:53.469927Z","level":"info","event":"\t0 artifacts copied, 2 already retrieved (0kB/9ms)","logger":"airflow.task.hooks.airflow.providers.standard.hooks.subprocess.SubprocessHook","filename":"subprocess.py","lineno":99}
{"timestamp":"2026-05-07T00:19:53.786933Z","level":"info","event":"26/05/07 00:19:53 WARN NativeCodeLoader: Unable to load native-hadoop library for your platform... using builtin-java classes where applicable","logger":"airflow.task.hooks.airflow.providers.standard.hooks.subprocess.SubprocessHook","filename":"subprocess.py","lineno":99}
{"timestamp":"2026-05-07T00:19:54.021959Z","level":"info","event":"Using Spark's default log4j profile: org/apache/spark/log4j2-defaults.properties","logger":"airflow.task.hooks.airflow.providers.standard.hooks.subprocess.SubprocessHook","filename":"subprocess.py","lineno":99}
{"timestamp":"2026-05-07T00:19:54.022916Z","level":"info","event":"Setting default log level to \"WARN\".","logger":"airflow.task.hooks.airflow.providers.standard.hooks.subprocess.SubprocessHook","filename":"subprocess.py","lineno":99}
{"timestamp":"2026-05-07T00:19:54.023790Z","level":"info","event":"To adjust logging level use sc.setLogLevel(newLevel). For SparkR, use setLogLevel(newLevel).","logger":"airflow.task.hooks.airflow.providers.standard.hooks.subprocess.SubprocessHook","filename":"subprocess.py","lineno":99}
{"timestamp":"2026-05-07T00:19:58.925255Z","level":"info","event":"2026-05-07 00:19:58,924 - INFO - Création de la table bronze.weatherforecastapi_raw...","logger":"airflow.task.hooks.airflow.providers.standard.hooks.subprocess.SubprocessHook","filename":"subprocess.py","lineno":99}
{"timestamp":"2026-05-07T00:19:58.962348Z","level":"info","event":"2026-05-07 00:19:58,961 - INFO - Table créée avec succès","logger":"airflow.task.hooks.airflow.providers.standard.hooks.subprocess.SubprocessHook","filename":"subprocess.py","lineno":99}
{"timestamp":"2026-05-07T00:19:58.962646Z","level":"info","event":"2026-05-07 00:19:58,962 - INFO - Ingestion météo pour la date : 2024-06-28","logger":"airflow.task.hooks.airflow.providers.standard.hooks.subprocess.SubprocessHook","filename":"subprocess.py","lineno":99}
{"timestamp":"2026-05-07T00:19:58.962777Z","level":"info","event":"2026-05-07 00:19:58,962 - INFO - Appel API pour (34.0522, -118.2437) le 2024-06-28","logger":"airflow.task.hooks.airflow.providers.standard.hooks.subprocess.SubprocessHook","filename":"subprocess.py","lineno":99}
{"timestamp":"2026-05-07T00:19:59.209393Z","level":"info","event":"2026-05-07 00:19:59,209 - INFO - 144 enregistrements interpolés pour Region A","logger":"airflow.task.hooks.airflow.providers.standard.hooks.subprocess.SubprocessHook","filename":"subprocess.py","lineno":99}
{"timestamp":"2026-05-07T00:19:59.209675Z","level":"info","event":"2026-05-07 00:19:59,209 - INFO - Appel API pour (36.7783, -119.4179) le 2024-06-28","logger":"airflow.task.hooks.airflow.providers.standard.hooks.subprocess.SubprocessHook","filename":"subprocess.py","lineno":99}
{"timestamp":"2026-05-07T00:19:59.401710Z","level":"info","event":"2026-05-07 00:19:59,401 - INFO - 144 enregistrements interpolés pour Region B","logger":"airflow.task.hooks.airflow.providers.standard.hooks.subprocess.SubprocessHook","filename":"subprocess.py","lineno":99}
{"timestamp":"2026-05-07T00:19:59.401914Z","level":"info","event":"2026-05-07 00:19:59,401 - INFO - Appel API pour (40.7128, -74.006) le 2024-06-28","logger":"airflow.task.hooks.airflow.providers.standard.hooks.subprocess.SubprocessHook","filename":"subprocess.py","lineno":99}
{"timestamp":"2026-05-07T00:19:59.591299Z","level":"info","event":"2026-05-07 00:19:59,590 - INFO - 144 enregistrements interpolés pour Region C","logger":"airflow.task.hooks.airflow.providers.standard.hooks.subprocess.SubprocessHook","filename":"subprocess.py","lineno":99}
{"timestamp":"2026-05-07T00:20:00.790481Z","level":"info","event":"2026-05-07 00:20:00,790 - INFO - Écriture de 432 enregistrements dans bronze.weatherforecastapi_raw...","logger":"airflow.task.hooks.airflow.providers.standard.hooks.subprocess.SubprocessHook","filename":"subprocess.py","lineno":99}
{"timestamp":"2026-05-07T00:20:06.997591Z","level":"info","event":"\r[Stage 0:>                                                        (0 + 20) / 20]\r\r[Stage 0:==>                                                      (1 + 19) / 20]\r\r                                                                                \r2026-05-07 00:20:06,997 - INFO - 432 enregistrements météo ingérés avec succès","logger":"airflow.task.hooks.airflow.providers.standard.hooks.subprocess.SubprocessHook","filename":"subprocess.py","lineno":99}
{"timestamp":"2026-05-07T00:20:06.998194Z","level":"info","event":"2026-05-07 00:20:06,997 - INFO - Ingestion API terminée avec succès !","logger":"airflow.task.hooks.airflow.providers.standard.hooks.subprocess.SubprocessHook","filename":"subprocess.py","lineno":99}
{"timestamp":"2026-05-07T00:20:07.857199Z","level":"info","event":"2026-05-07 00:20:07,856 - INFO - Session Spark fermée","logger":"airflow.task.hooks.airflow.providers.standard.hooks.subprocess.SubprocessHook","filename":"subprocess.py","lineno":99}
{"timestamp":"2026-05-07T00:20:07.857746Z","level":"info","event":"2026-05-07 00:20:07,857 - INFO - Closing down clientserver connection","logger":"airflow.task.hooks.airflow.providers.standard.hooks.subprocess.SubprocessHook","filename":"subprocess.py","lineno":99}
{"timestamp":"2026-05-07T00:20:08.408519Z","level":"info","event":"Command exited with return code 0","logger":"airflow.task.hooks.airflow.providers.standard.hooks.subprocess.SubprocessHook","filename":"subprocess.py","lineno":103}
{"timestamp":"2026-05-07T00:20:08.408886Z","level":"info","event":"Pushing xcom","ti":"RuntimeTaskInstance(id=UUID('019dffce-1c1f-747e-a909-90058bf653aa'), task_id='bronze_api', dag_id='elt_wind_turbine_pipeline', run_id='manual__2026-05-07T00:19:50.912399+00:00', try_number=1, dag_version_id=UUID('019dffcd-d24e-7504-a0f6-dd719cde3b0e'), map_index=-1, hostname='9dcae50b5030', context_carrier={'traceparent': '00-b85b9d1a912b777a89d7054b587f40ac-2c8ce9c18e7d6617-01'}, task=<Task(BashOperator): bronze_api>, bundle_instance=LocalDagBundle(name=dags-folder), max_tries=0, start_date=datetime.datetime(2026, 5, 7, 0, 19, 51, 67742, tzinfo=datetime.timezone.utc), end_date=None, state=<TaskInstanceState.RUNNING: 'running'>, is_mapped=False, rendered_map_index=None, sentry_integration='')","logger":"task","filename":"task_runner.py","lineno":1724}
